!SESSION 2016-08-04 14:16:01.279 -----------------------------------------------
eclipse.buildId=4.5.2.M20160212-1500
java.version=1.8.0_101
java.vendor=Oracle Corporation
BootLoader constants: OS=linux, ARCH=x86_64, WS=gtk, NL=en
Framework arguments:  -product org.eclipse.epp.package.java.product
Command-line arguments:  -os linux -ws gtk -arch x86_64 -product org.eclipse.epp.package.java.product

!ENTRY org.eclipse.osgi 4 0 2016-08-04 14:16:02.543
!MESSAGE Application error
!STACK 1
java.lang.UnsatisfiedLinkError: Could not load SWT library. Reasons: 
	/home/developer/home/developer/.eclipse/org.eclipse.platform_4.5.2_185596441_linux_gtk_x86_64/configuration/org.eclipse.osgi/385/0/.cp/libswt-pi-gtk-4530.so: libgtk-x11-2.0.so.0: cannot open shared object file: No such file or directory
	no swt-pi-gtk in java.library.path
	/home/developer/home/developer/.swt/lib/linux/x86_64/libswt-pi-gtk-4530.so: libgtk-x11-2.0.so.0: cannot open shared object file: No such file or directory
	Can't load library: /home/developer/home/developer/.swt/lib/linux/x86_64/libswt-pi-gtk.so

	at org.eclipse.swt.internal.Library.loadLibrary(Library.java:327)
	at org.eclipse.swt.internal.Library.loadLibrary(Library.java:236)
	at org.eclipse.swt.internal.gtk.OS.<clinit>(OS.java:38)
	at org.eclipse.swt.internal.Converter.wcsToMbcs(Converter.java:63)
	at org.eclipse.swt.internal.Converter.wcsToMbcs(Converter.java:54)
	at org.eclipse.swt.widgets.Display.<clinit>(Display.java:134)
	at org.eclipse.ui.internal.Workbench.createDisplay(Workbench.java:774)
	at org.eclipse.ui.PlatformUI.createDisplay(PlatformUI.java:162)
	at org.eclipse.ui.internal.ide.application.IDEApplication.createDisplay(IDEApplication.java:169)
	at org.eclipse.ui.internal.ide.application.IDEApplication.start(IDEApplication.java:111)
	at org.eclipse.equinox.internal.app.EclipseAppHandle.run(EclipseAppHandle.java:196)
	at org.eclipse.core.runtime.internal.adaptor.EclipseAppLauncher.runApplication(EclipseAppLauncher.java:134)
	at org.eclipse.core.runtime.internal.adaptor.EclipseAppLauncher.start(EclipseAppLauncher.java:104)
	at org.eclipse.core.runtime.adaptor.EclipseStarter.run(EclipseStarter.java:380)
	at org.eclipse.core.runtime.adaptor.EclipseStarter.run(EclipseStarter.java:235)
	at sun.reflect.NativeMethodAccessorImpl.invoke0(Native Method)
	at sun.reflect.NativeMethodAccessorImpl.invoke(NativeMethodAccessorImpl.java:62)
	at sun.reflect.DelegatingMethodAccessorImpl.invoke(DelegatingMethodAccessorImpl.java:43)
	at java.lang.reflect.Method.invoke(Method.java:498)
	at org.eclipse.equinox.launcher.Main.invokeFramework(Main.java:669)
	at org.eclipse.equinox.launcher.Main.basicRun(Main.java:608)
	at org.eclipse.equinox.launcher.Main.run(Main.java:1515)
	at org.eclipse.equinox.launcher.Main.main(Main.java:1488)
